------------------------------------------------------------------------
r1 | (no author) | 2009-09-15 19:05:07 -0500 (Tue, 15 Sep 2009) | 1 line
Changed paths:
   A /branches
   A /tags
   A /trunk

Initial directory structure.
------------------------------------------------------------------------
r2 | adams.jerremy | 2009-09-24 09:29:45 -0500 (Thu, 24 Sep 2009) | 1 line
Changed paths:
   A /trunk/src
   A /trunk/src/main.py


------------------------------------------------------------------------
r3 | adams.jerremy | 2009-09-24 09:44:25 -0500 (Thu, 24 Sep 2009) | 1 line
Changed paths:
   M /trunk/src/main.py


------------------------------------------------------------------------
r4 | adams.jerremy | 2009-09-24 10:29:25 -0500 (Thu, 24 Sep 2009) | 1 line
Changed paths:
   A /trunk/src/TestVoting.html
   A /trunk/src/TestVoting.out
   A /trunk/src/TestVoting.py
   A /trunk/src/Voting.in
   A /trunk/src/Voting.out
   A /trunk/src/main.html
   M /trunk/src/main.py


------------------------------------------------------------------------
